[11:56:47] [main/INFO]: Setting user: ForgeDevName
[11:56:48] [Client thread/INFO]: LWJGL Version: 2.9.1
[11:56:48] [Client thread/ERROR]: Couldn't set pixel format
org.lwjgl.LWJGLException: Pixel format not accelerated
	at org.lwjgl.opengl.WindowsPeerInfo.nChoosePixelFormat(Native Method) ~[lwjgl-2.9.1.jar:?]
	at org.lwjgl.opengl.WindowsPeerInfo.choosePixelFormat(WindowsPeerInfo.java:52) ~[lwjgl-2.9.1.jar:?]
	at org.lwjgl.opengl.WindowsDisplay.createWindow(WindowsDisplay.java:252) ~[lwjgl-2.9.1.jar:?]
	at org.lwjgl.opengl.Display.createWindow(Display.java:306) ~[lwjgl-2.9.1.jar:?]
	at org.lwjgl.opengl.Display.create(Display.java:848) ~[lwjgl-2.9.1.jar:?]
	at org.lwjgl.opengl.Display.create(Display.java:757) ~[lwjgl-2.9.1.jar:?]
	at net.minecraftforge.client.ForgeHooksClient.createDisplay(ForgeHooksClient.java:336) ~[ForgeHooksClient.class:?]
	at net.minecraft.client.Minecraft.startGame(Minecraft.java:484) [Minecraft.class:?]
	at net.minecraft.client.Minecraft.run(Minecraft.java:941) [Minecraft.class:?]
	at net.minecraft.client.main.Main.main(Main.java:164) [Main.class:?]
	at sun.reflect.NativeMethodAccessorImpl.invoke0(Native Method) ~[?:1.7.0_55]
	at sun.reflect.NativeMethodAccessorImpl.invoke(Unknown Source) ~[?:1.7.0_55]
	at sun.reflect.DelegatingMethodAccessorImpl.invoke(Unknown Source) ~[?:1.7.0_55]
	at java.lang.reflect.Method.invoke(Unknown Source) ~[?:1.7.0_55]
	at net.minecraft.launchwrapper.Launch.launch(Launch.java:134) [launchwrapper-1.9.jar:?]
	at net.minecraft.launchwrapper.Launch.main(Launch.java:28) [launchwrapper-1.9.jar:?]
	at sun.reflect.NativeMethodAccessorImpl.invoke0(Native Method) ~[?:1.7.0_55]
	at sun.reflect.NativeMethodAccessorImpl.invoke(Unknown Source) ~[?:1.7.0_55]
	at sun.reflect.DelegatingMethodAccessorImpl.invoke(Unknown Source) ~[?:1.7.0_55]
	at java.lang.reflect.Method.invoke(Unknown Source) ~[?:1.7.0_55]
	at GradleStart.bounce(GradleStart.java:95) [start/:?]
	at GradleStart.startClient(GradleStart.java:88) [start/:?]
	at GradleStart.main(GradleStart.java:56) [start/:?]
